=> sourcing 20-validate-variables.sh ...
=> sourcing 25-validate-replication-variables.sh ...
=> sourcing 30-base-config.sh ...
---> 20:58:30 Processing basic MySQL configuration files ...
=> sourcing 60-replication-config.sh ...
=> sourcing 70-s2i-config.sh ...
---> 20:58:30 Processing additional arbitrary MySQL configuration provided by s2i ...
=> sourcing 20-default-authentication-plugin.cnf ...
=> sourcing 40-paas.cnf ...
=> sourcing 50-my-tuning.cnf ...
---> 20:58:30 Starting MySQL server with disabled networking ...
---> 20:58:30 Waiting for MySQL to start ...
2024-05-02T20:58:30.948977Z 0 [Warning] [MY-011070] [Server] 'Disabling symbolic links using --skip-symbolic-links (or equivalent) is the default. Consider not using this option as it' is deprecated and will be removed in a future release.
2024-05-02T20:58:30.951181Z 0 [System] [MY-010116] [Server] /usr/libexec/mysqld (mysqld 8.0.36) starting as process 36
2024-05-02T20:58:30.962664Z 0 [Warning] [MY-013907] [InnoDB] Deprecated configuration parameters innodb_log_file_size and/or innodb_log_files_in_group have been used to compute innodb_redo_log_capacity=159383552. Please use innodb_redo_log_capacity instead.
2024-05-02T20:58:30.965376Z 1 [System] [MY-013576] [InnoDB] InnoDB initialization has started.
2024-05-02T20:58:31.518639Z 1 [System] [MY-013577] [InnoDB] InnoDB initialization has ended.
---> 20:58:31 Waiting for MySQL to start ...
2024-05-02T20:58:31.736246Z 0 [System] [MY-010229] [Server] Starting XA crash recovery...
2024-05-02T20:58:31.742283Z 0 [System] [MY-010232] [Server] XA crash recovery finished.
2024-05-02T20:58:31.825904Z 0 [Warning] [MY-010068] [Server] CA certificate ca.pem is self signed.
2024-05-02T20:58:31.825958Z 0 [System] [MY-013602] [Server] Channel mysql_main configured to support TLS. Encrypted connections are now supported for this channel.
2024-05-02T20:58:31.857887Z 0 [System] [MY-011323] [Server] X Plugin ready for connections. Socket: /var/lib/mysql/mysqlx.sock
2024-05-02T20:58:31.858064Z 0 [System] [MY-010931] [Server] /usr/libexec/mysqld: ready for connections. Version: '8.0.36' socket: '/tmp/mysql.sock' port: 0 Source distribution.
---> 20:58:32 MySQL started successfully
=> sourcing 40-datadir-action.sh ...
---> 20:58:32 Running datadir action: upgrade-warn
---> 20:58:32 MySQL server version check passed, both server and data directory are version 8.0.
=> sourcing 50-passwd-change.sh ...
---> 20:58:32 Setting passwords ...
2024-05-02T20:58:32.824841Z 12 [Warning] [MY-010235] [Server] Following users were specified in CREATE USER IF NOT EXISTS but they already exist. Corresponding entry in binary log used default authentication plugin 'caching_sha2_password' to rewrite authentication information (if any) for them: 'root'@'%'
---> 20:58:32 Shutting down MySQL ...
2024-05-02T20:58:32.857153Z 13 [System] [MY-013172] [Server] Received SHUTDOWN from user root. Shutting down mysqld (Version: 8.0.36).
2024-05-02T20:58:34.247241Z 0 [System] [MY-010910] [Server] /usr/libexec/mysqld: Shutdown complete (mysqld 8.0.36) Source distribution.
---> 20:58:34 Cleaning up environment variables MYSQL_USER, MYSQL_PASSWORD, MYSQL_DATABASE and MYSQL_ROOT_PASSWORD ...
---> 20:58:34 Running final exec -- Only MySQL server logs after this point
2024-05-02T20:58:35.161436Z 0 [Warning] [MY-011070] [Server] 'Disabling symbolic links using --skip-symbolic-links (or equivalent) is the default. Consider not using this option as it' is deprecated and will be removed in a future release.
2024-05-02T20:58:35.163798Z 0 [System] [MY-010116] [Server] /usr/libexec/mysqld (mysqld 8.0.36) starting as process 1
2024-05-02T20:58:35.171621Z 0 [Warning] [MY-013907] [InnoDB] Deprecated configuration parameters innodb_log_file_size and/or innodb_log_files_in_group have been used to compute innodb_redo_log_capacity=159383552. Please use innodb_redo_log_capacity instead.
2024-05-02T20:58:35.174330Z 1 [System] [MY-013576] [InnoDB] InnoDB initialization has started.
2024-05-02T20:58:35.534426Z 1 [System] [MY-013577] [InnoDB] InnoDB initialization has ended.
2024-05-02T20:58:35.832496Z 0 [Warning] [MY-010068] [Server] CA certificate ca.pem is self signed.
2024-05-02T20:58:35.832547Z 0 [System] [MY-013602] [Server] Channel mysql_main configured to support TLS. Encrypted connections are now supported for this channel.
2024-05-02T20:58:35.856809Z 0 [System] [MY-011323] [Server] X Plugin ready for connections. Bind-address: '::' port: 33060, socket: /var/lib/mysql/mysqlx.sock
2024-05-02T20:58:35.856962Z 0 [System] [MY-010931] [Server] /usr/libexec/mysqld: ready for connections. Version: '8.0.36' socket: '/var/lib/mysql/mysql.sock' port: 3306 Source distribution.
